<?xml version="1.0" encoding="UTF-8"?>
<!-- Generated by org.testng.reporters.JUnitXMLReporter -->
<testsuite ignored="0" hostname="JCPSI87H3" failures="0" tests="4" name="Default test" time="6.855" errors="0" timestamp="2024-03-09T02:04:25 IST">
  <testcase classname="com.automation.TestSuites.UserModuleTestCases" name="CreateuserTest" time="2.598"/>
  <testcase classname="com.automation.TestSuites.UserModuleTestCases" name="getUserTest" time="1.06"/>
  <testcase classname="com.automation.TestSuites.UserModuleTestCases" name="updateUserTest" time="1.988"/>
  <testcase classname="com.automation.TestSuites.UserModuleTestCases" name="deleteUserTest" time="1.035"/>
</testsuite> <!-- Default test -->
