<?xml version="1.0" encoding="UTF-8"?>
<!-- Generated by org.testng.reporters.JUnitXMLReporter -->
<testsuite ignored="0" hostname="JCPSI87H3" failures="0" tests="4" name="Pet Store Automation Test" time="7.888" errors="0" timestamp="2024-03-10T21:30:52 IST">
  <testcase classname="com.automation.TestSuites.UserModuleTestCases" name="CreateuserTest" time="2.707"/>
  <testcase classname="com.automation.TestSuites.UserModuleTestCases" name="getUserTest" time="1.085"/>
  <testcase classname="com.automation.TestSuites.UserModuleTestCases" name="updateUserTest" time="2.228"/>
  <testcase classname="com.automation.TestSuites.UserModuleTestCases" name="deleteUserTest" time="1.062"/>
</testsuite> <!-- Pet Store Automation Test -->
