<?xml version="1.0" encoding="UTF-8"?>
<testng-results ignored="0" total="4" passed="4" failed="0" skipped="0">
  <reporter-output>
  </reporter-output>
  <suite started-at="2024-03-10T21:30:44 IST" name="Pet Store Automation Suite" finished-at="2024-03-10T21:30:52 IST" duration-ms="7888">
    <groups>
      <group name="API">
        <method signature="UserModuleTestCases.CreateuserTest()[pri:1, instance:com.automation.TestSuites.UserModuleTestCases@55a147cc]" name="CreateuserTest" class="com.automation.TestSuites.UserModuleTestCases"/>
        <method signature="UserModuleTestCases.deleteUserTest()[pri:4, instance:com.automation.TestSuites.UserModuleTestCases@55a147cc]" name="deleteUserTest" class="com.automation.TestSuites.UserModuleTestCases"/>
        <method signature="UserModuleTestCases.getUserTest()[pri:2, instance:com.automation.TestSuites.UserModuleTestCases@55a147cc]" name="getUserTest" class="com.automation.TestSuites.UserModuleTestCases"/>
        <method signature="UserModuleTestCases.updateUserTest()[pri:3, instance:com.automation.TestSuites.UserModuleTestCases@55a147cc]" name="updateUserTest" class="com.automation.TestSuites.UserModuleTestCases"/>
      </group> <!-- API -->
    </groups>
    <test started-at="2024-03-10T21:30:44 IST" name="Pet Store Automation Test" finished-at="2024-03-10T21:30:52 IST" duration-ms="7888">
      <class name="com.automation.TestSuites.UserModuleTestCases">
        <test-method is-config="true" signature="setup()[pri:0, instance:com.automation.TestSuites.UserModuleTestCases@55a147cc]" started-at="2024-03-10T21:30:44 IST" name="setup" finished-at="2024-03-10T21:30:45 IST" duration-ms="581" status="PASS">
          <reporter-output>
          </reporter-output>
        </test-method> <!-- setup -->
        <test-method signature="CreateuserTest()[pri:1, instance:com.automation.TestSuites.UserModuleTestCases@55a147cc]" started-at="2024-03-10T21:30:45 IST" name="CreateuserTest" finished-at="2024-03-10T21:30:48 IST" duration-ms="2707" status="PASS">
          <reporter-output>
          </reporter-output>
        </test-method> <!-- CreateuserTest -->
        <test-method signature="getUserTest()[pri:2, instance:com.automation.TestSuites.UserModuleTestCases@55a147cc]" started-at="2024-03-10T21:30:48 IST" name="getUserTest" finished-at="2024-03-10T21:30:49 IST" duration-ms="1085" status="PASS">
          <reporter-output>
          </reporter-output>
        </test-method> <!-- getUserTest -->
        <test-method signature="updateUserTest()[pri:3, instance:com.automation.TestSuites.UserModuleTestCases@55a147cc]" started-at="2024-03-10T21:30:49 IST" name="updateUserTest" finished-at="2024-03-10T21:30:51 IST" duration-ms="2228" status="PASS">
          <reporter-output>
          </reporter-output>
        </test-method> <!-- updateUserTest -->
        <test-method signature="deleteUserTest()[pri:4, instance:com.automation.TestSuites.UserModuleTestCases@55a147cc]" started-at="2024-03-10T21:30:51 IST" name="deleteUserTest" finished-at="2024-03-10T21:30:52 IST" duration-ms="1062" status="PASS">
          <reporter-output>
          </reporter-output>
        </test-method> <!-- deleteUserTest -->
      </class> <!-- com.automation.TestSuites.UserModuleTestCases -->
    </test> <!-- Pet Store Automation Test -->
  </suite> <!-- Pet Store Automation Suite -->
</testng-results>
